<?xml version="1.0" encoding="UTF-8"?>
<!-- Generated by org.testng.reporters.JUnitReportReporter -->
<testsuite hostname="ATMECSINLT-095" name="CommonMethods.CommonMethods" tests="1" failures="0" timestamp="4 Apr 2016 10:56:37 GMT" time="0.568" errors="0">
  <testcase name="readFromExcel" time="0.568" classname="CommonMethods.CommonMethods"/>
</testsuite> <!-- CommonMethods.CommonMethods -->
