<?xml version="1.0" encoding="UTF-8"?>
<!-- Generated by org.testng.reporters.JUnitReportReporter -->
<testsuite hostname="ATMECSINLT-095" name="TestMethods.AddToCart.ShopByDept" tests="1" failures="0" timestamp="1 Apr 2016 06:54:19 GMT" time="22.398" errors="0">
  <testcase name="shopbyDepartment" time="22.398" classname="TestMethods.AddToCart.ShopByDept"/>
</testsuite> <!-- TestMethods.AddToCart.ShopByDept -->
